2025-10-23 20:49:35,265 - __main__ - INFO - Loaded 1 symbols from symbols_demo.txt
2025-10-23 20:49:35,265 - __main__ - INFO - Symbols loaded from symbols_demo.txt: 1 symbols
2025-10-23 20:49:35,266 - __main__ - INFO - Configuration loaded: 1 symbols, 120s interval
2025-10-23 20:49:35,267 - __main__ - INFO - Initializing Elliott Wave Trading Engine V2...
2025-10-23 20:49:35,286 - market_data_manager - INFO - Connected to MT5: MetaTrader 5 Build 5370
2025-10-23 20:49:35,287 - market_data_manager - INFO - Account: 700350 (Black Bull Group Limited)
2025-10-23 20:49:35,304 - trade_executor - INFO - Trade Executor connected to account 700350
2025-10-23 20:49:35,305 - trade_executor - INFO - Loaded 18 existing Elliott Wave positions
2025-10-23 20:49:35,306 - __main__ - INFO - EURUSD validated
2025-10-23 20:49:35,306 - __main__ - INFO - Elliott Wave Trading Engine V2 initialized successfully
2025-10-23 20:49:35,306 - __main__ - INFO - Symbols: EURUSD
2025-10-23 20:49:35,307 - __main__ - INFO - Scan interval: 60s
2025-10-23 20:49:35,400 - __main__ - INFO - Elliott Wave Trading Engine V2 started
2025-10-23 20:49:35,443 - signal_generator - ERROR - Signal generation error for EURUSD: 'Impulse' object has no attribute 'wave_4_end'
2025-10-23 20:49:42,368 - __main__ - INFO - ⚠️ Shutdown requested by user
2025-10-23 20:49:42,368 - __main__ - INFO - 🔄 Initiating graceful shutdown...
2025-10-23 20:50:02,390 - __main__ - INFO - Elliott Wave Trading Engine V2 stopped
2025-10-23 20:50:02,391 - market_data_manager - INFO - MT5 connection closed
2025-10-23 20:50:02,391 - trade_executor - INFO - Trade Executor disconnected
2025-10-23 20:50:02,392 - __main__ - INFO - ✅ Elliott Wave Trading Engine V2 shutdown complete
2025-10-23 20:50:24,660 - __main__ - INFO - Loaded 1 symbols from symbols_demo.txt
2025-10-23 20:50:24,661 - __main__ - INFO - Symbols loaded from symbols_demo.txt: 1 symbols
2025-10-23 20:50:24,661 - __main__ - INFO - Configuration loaded: 1 symbols, 120s interval
2025-10-23 20:50:24,661 - __main__ - INFO - Initializing Elliott Wave Trading Engine V2...
2025-10-23 20:50:24,682 - market_data_manager - INFO - Connected to MT5: MetaTrader 5 Build 5370
2025-10-23 20:50:24,682 - market_data_manager - INFO - Account: 700350 (Black Bull Group Limited)
2025-10-23 20:50:24,694 - trade_executor - INFO - Trade Executor connected to account 700350
2025-10-23 20:50:24,695 - trade_executor - INFO - Loaded 18 existing Elliott Wave positions
2025-10-23 20:50:24,696 - __main__ - INFO - EURUSD validated
2025-10-23 20:50:24,697 - __main__ - INFO - Elliott Wave Trading Engine V2 initialized successfully
2025-10-23 20:50:24,697 - __main__ - INFO - Symbols: EURUSD
2025-10-23 20:50:24,697 - __main__ - INFO - Scan interval: 60s
2025-10-23 20:50:24,708 - __main__ - INFO - 📊 Status Update:
2025-10-23 20:50:24,708 - __main__ - INFO - Elliott Wave Trading Engine V2 started
2025-10-23 20:50:24,708 - __main__ - INFO -    Positions: 18 (Long: 3, Short: 15)
2025-10-23 20:50:24,738 - __main__ - INFO -    P&L: $-95.71
2025-10-23 20:50:24,738 - __main__ - INFO -    Portfolio Risk: 0.0%
2025-10-23 20:50:24,739 - __main__ - INFO -    Signals: 0 | Trades: 0
2025-10-23 20:50:24,763 - signal_generator - INFO - DEBUG EURUSD: Impulse type=<class 'elliott_wave_engine_original.Impulse'>, has_wave_3_end=False, has_confidence=True
2025-10-23 20:50:24,763 - signal_generator - INFO - DEBUG EURUSD: ABC type=<class 'elliott_wave_engine_original.ABC'>, has_a_end=False, has_confidence=True
2025-10-23 20:50:24,764 - signal_generator - ERROR - Signal generation error for EURUSD: 'Impulse' object has no attribute 'wave_4_end'
2025-10-23 20:50:24,767 - signal_generator - ERROR - Full traceback: Traceback (most recent call last):
  File "C:\Users\david\Documents\Elliott-Wellen_v2\signal_generator.py", line 192, in generate_signal
    signal = self._evaluate_elliott_patterns(
        symbol, df, current_price, impulses, abc_corrections, current_trend
    )
  File "C:\Users\david\Documents\Elliott-Wellen_v2\signal_generator.py", line 239, in _evaluate_elliott_patterns
    reversal_signal = self._check_wave5_completion(symbol, df, impulses, current_bid, current_ask)
  File "C:\Users\david\Documents\Elliott-Wellen_v2\signal_generator.py", line 296, in _check_wave5_completion
    take_profit = recent_impulse.wave_4_end.price  # Target Wave 4 level
                  ^^^^^^^^^^^^^^^^^^^^^^^^^
AttributeError: 'Impulse' object has no attribute 'wave_4_end'. Did you mean: 'wave_5_end'?

2025-10-23 20:50:32,143 - __main__ - INFO - ⚠️ Shutdown requested by user
2025-10-23 20:50:32,144 - __main__ - INFO - 🔄 Initiating graceful shutdown...
